2021-11-23 23:05:05 INFO     
app_name:MyApp
exe_folder:.
exe_path:AutoShoot Bot.exe
icon_path:style\icon.ico
x64:True
installer_app_name:MyApp Installer
linux_default_install_dir:/usr/local/bin
x32win_default_install_dir:C:/Program Files (x86)/
x62win_default_install_dir:C:/Program Files/
macOs_default_install_dir:/usr/local/bin
add_desktop_shortcut_default_value:True
show_add_desktop_shortcut_checkbox:True
add_start_menu_entry_default_value:True
show_add_start_menu_entry_checkbox:True
start_on_boot_default_value:True
show_start_on_boot_checkbox:True
launch_after_install:True
default_install_dir:C:\Program Files

2021-11-23 23:05:05 INFO     default_install_dir:C:\Program Files
2021-11-23 23:05:08 INFO     Starting Installation Process...
2021-11-23 23:05:08 INFO     Starting Installation Process...
2021-11-23 23:05:10 INFO     Changing folder permissions for Windows.
2021-11-23 23:05:10 INFO     
Changing folder permissions for Windows.
2021-11-23 23:05:10 INFO     Created Install Folder -> C:\Program Files\MyApp
2021-11-23 23:05:10 INFO     Created Install Folder -> C:\Program Files\MyApp
2021-11-23 23:05:10 INFO     
Copying files to install directory...
2021-11-23 23:05:10 INFO     
Copying files to install directory...
2021-11-23 23:05:10 INFO     AppFiles -> C:\Program Files\MyApp

2021-11-23 23:05:10 INFO     AppFiles -> C:\Program Files\MyApp

2021-11-23 23:05:13 INFO     
Creating Desktop Shortcut 
2021-11-23 23:05:13 INFO     
Creating Desktop Shortcut 
2021-11-23 23:05:13 INFO     Desktop Shortcut Created Successfully
2021-11-23 23:05:13 INFO     Desktop Shortcut Created Successfully
2021-11-23 23:05:13 INFO     
Creating Start Menu Shortcut 
2021-11-23 23:05:13 INFO     
Creating Start Menu Shortcut 
2021-11-23 23:05:13 INFO     Start Menu Shortcut Created Successfully
2021-11-23 23:05:13 INFO     Start Menu Shortcut Created Successfully
2021-11-23 23:05:13 INFO     
Creating Startup Shortcut 
2021-11-23 23:05:13 INFO     
Creating Startup Shortcut 
2021-11-23 23:05:13 INFO     Startup Shortcut Created Successfully
2021-11-23 23:05:13 INFO     Startup Shortcut Created Successfully
2021-11-23 23:05:13 INFO     
Done!
2021-11-23 23:05:13 INFO     
Done!
